48:09:18.731305 USBPROXY Log continuation - Log started 2025-04-30T06:31:58.828546500Z
48:09:18.769595 USBPROXY Getting USB descriptor (id 0) failed (dwErr=31) on hub USB#ROOT_HUB30#4&cab091c&0&0#{f18a0e88-c30c-11d0-8815-00a0c906bed8} port 3
48:09:18.769737 USBPROXY Getting USB descriptor (id 0) failed (dwErr=31) on hub USB#ROOT_HUB30#4&cab091c&0&0#{f18a0e88-c30c-11d0-8815-00a0c906bed8} port 7
48:09:18.769842 USBPROXY Getting USB descriptor (id 0) failed (dwErr=31) on hub USB#ROOT_HUB30#4&cab091c&0&0#{f18a0e88-c30c-11d0-8815-00a0c906bed8} port 10
48:09:18.770160 USBPROXY usbLibGetDevices: Found 3 USB devices, 0 captured
48:15:11.717090 USBPROXY usbLibGetDevices: Starting USB device enumeration
48:15:11.754618 USBPROXY Getting USB descriptor (id 0) failed (dwErr=31) on hub USB#ROOT_HUB30#4&cab091c&0&0#{f18a0e88-c30c-11d0-8815-00a0c906bed8} port 3
48:15:11.755054 USBPROXY Getting USB descriptor (id 0) failed (dwErr=31) on hub USB#ROOT_HUB30#4&cab091c&0&0#{f18a0e88-c30c-11d0-8815-00a0c906bed8} port 7
48:15:11.755233 USBPROXY Getting USB descriptor (id 0) failed (dwErr=31) on hub USB#ROOT_HUB30#4&cab091c&0&0#{f18a0e88-c30c-11d0-8815-00a0c906bed8} port 10
48:15:11.755501 USBPROXY usbLibGetDevices: Found 3 USB devices, 0 captured
48:17:35.587504 dns-monitor HostDnsMonitor: updating information
48:17:35.587530 dns-monitor HostDnsMonitor: unchanged
48:19:02.945674 dns-monitor HostDnsMonitor: updating information
48:19:02.945702 dns-monitor HostDnsMonitor: unchanged
48:19:06.995381 dns-monitor HostDnsMonitor: updating information
48:19:06.995427 dns-monitor HostDnsMonitor: old information
48:19:06.995433 dns-monitor   server 1: 192.168.125.44
48:19:06.995439 dns-monitor   no domain set
48:19:06.995443 dns-monitor   no search string entries
48:19:06.995448 dns-monitor HostDnsMonitor: new information
48:19:06.995452 dns-monitor   server 1: 192.168.130.204
48:19:06.995457 dns-monitor   no domain set
48:19:06.995461 dns-monitor   no search string entries
48:19:06.996732          HostDnsMonitorProxy::GetDomainName: no domain set
48:19:06.996796          HostDnsMonitorProxy::GetNameServers:
48:19:06.996802            name server 1: 192.168.130.204
48:19:06.996852          HostDnsMonitorProxy::GetSearchStrings:
48:19:06.996857            no search string entries
48:20:10.956736 USBPROXY usbLibGetDevices: Starting USB device enumeration
48:20:10.992616 USBPROXY Getting USB descriptor (id 0) failed (dwErr=31) on hub USB#ROOT_HUB30#4&cab091c&0&0#{f18a0e88-c30c-11d0-8815-00a0c906bed8} port 3
48:20:10.992815 USBPROXY Getting USB descriptor (id 0) failed (dwErr=31) on hub USB#ROOT_HUB30#4&cab091c&0&0#{f18a0e88-c30c-11d0-8815-00a0c906bed8} port 7
48:20:10.993023 USBPROXY Getting USB descriptor (id 0) failed (dwErr=31) on hub USB#ROOT_HUB30#4&cab091c&0&0#{f18a0e88-c30c-11d0-8815-00a0c906bed8} port 10
48:20:10.993370 USBPROXY usbLibGetDevices: Found 3 USB devices, 0 captured
48:58:26.471613 USBPROXY usbLibGetDevices: Starting USB device enumeration
48:58:26.495540 USBPROXY Getting USB descriptor (id 0) failed (dwErr=31) on hub USB#ROOT_HUB30#4&cab091c&0&0#{f18a0e88-c30c-11d0-8815-00a0c906bed8} port 3
48:58:26.496642 USBPROXY Getting USB descriptor (id 0) failed (dwErr=31) on hub USB#ROOT_HUB30#4&cab091c&0&0#{f18a0e88-c30c-11d0-8815-00a0c906bed8} port 10
48:58:26.496868 USBPROXY usbLibGetDevices: Found 3 USB devices, 0 captured
49:00:19.117009 USBPROXY usbLibGetDevices: Starting USB device enumeration
49:00:19.150838 USBPROXY Getting USB descriptor (id 0) failed (dwErr=31) on hub USB#ROOT_HUB30#4&cab091c&0&0#{f18a0e88-c30c-11d0-8815-00a0c906bed8} port 3
49:00:19.150900 USBPROXY Getting USB descriptor (id 0) failed (dwErr=31) on hub USB#ROOT_HUB30#4&cab091c&0&0#{f18a0e88-c30c-11d0-8815-00a0c906bed8} port 7
49:00:19.150938 USBPROXY Getting USB descriptor (id 0) failed (dwErr=31) on hub USB#ROOT_HUB30#4&cab091c&0&0#{f18a0e88-c30c-11d0-8815-00a0c906bed8} port 10
49:00:19.151083 USBPROXY usbLibGetDevices: Found 3 USB devices, 0 captured
51:40:08.024509 USBPROXY usbLibGetDevices: Starting USB device enumeration
51:40:08.334875 USBPROXY Getting USB descriptor (id 0) failed (dwErr=31) on hub USB#ROOT_HUB30#4&cab091c&0&0#{f18a0e88-c30c-11d0-8815-00a0c906bed8} port 3
51:40:08.335414 USBPROXY Getting USB descriptor (id 0) failed (dwErr=31) on hub USB#ROOT_HUB30#4&cab091c&0&0#{f18a0e88-c30c-11d0-8815-00a0c906bed8} port 7
51:40:08.335744 USBPROXY Getting USB descriptor (id 0) failed (dwErr=31) on hub USB#ROOT_HUB30#4&cab091c&0&0#{f18a0e88-c30c-11d0-8815-00a0c906bed8} port 10
51:40:08.336405 USBPROXY usbLibGetDevices: Found 3 USB devices, 0 captured
51:40:20.599901          ERROR [COM]: aRC=VBOX_E_OBJECT_NOT_FOUND (0x80bb0001) aIID={5bfd8965-b81b-469f-8649-f717ce97a5d5} aComponent={NvramStoreWrap} aText={The UEFI NVRAM file is not existing for this machine}, preserve=false aResultDetail=0
51:40:20.615781          ERROR [COM]: aRC=E_FAIL (0x80004005) aIID={bea3ef5c-de2f-4b74-aa3a-15d6249371a0} aComponent={RecordingSettingsWrap} aText={Recording not started}, preserve=false aResultDetail=0
51:40:20.627949          ERROR [COM]: aRC=VBOX_E_INVALID_VM_STATE (0x80bb0002) aIID={e36a5081-a82a-40bd-9e4e-42a44d6ce50f} aComponent={MachineWrap} aText={The machine is not mutable, saved or running (state is Paused)}, preserve=false aResultDetail=0
51:40:22.720534          ERROR [COM]: aRC=E_FAIL (0x80004005) aIID={bea3ef5c-de2f-4b74-aa3a-15d6249371a0} aComponent={RecordingSettingsWrap} aText={Recording not started}, preserve=false aResultDetail=0
51:40:22.780420          ERROR [COM]: aRC=VBOX_E_OBJECT_NOT_FOUND (0x80bb0001) aIID={5bfd8965-b81b-469f-8649-f717ce97a5d5} aComponent={NvramStoreWrap} aText={The UEFI NVRAM file is not existing for this machine}, preserve=false aResultDetail=0
51:40:22.794999          ERROR [COM]: aRC=VBOX_E_INVALID_VM_STATE (0x80bb0002) aIID={e36a5081-a82a-40bd-9e4e-42a44d6ce50f} aComponent={MachineWrap} aText={The machine is not mutable, saved or running (state is Running)}, preserve=false aResultDetail=0
51:40:24.365422 USBPROXY usbLibGetDevices: Starting USB device enumeration
51:40:24.409137 USBPROXY Getting USB descriptor (id 0) failed (dwErr=31) on hub USB#ROOT_HUB30#4&cab091c&0&0#{f18a0e88-c30c-11d0-8815-00a0c906bed8} port 3
51:40:24.409284 USBPROXY Getting USB descriptor (id 0) failed (dwErr=31) on hub USB#ROOT_HUB30#4&cab091c&0&0#{f18a0e88-c30c-11d0-8815-00a0c906bed8} port 7
51:40:24.409435 USBPROXY Getting USB descriptor (id 0) failed (dwErr=31) on hub USB#ROOT_HUB30#4&cab091c&0&0#{f18a0e88-c30c-11d0-8815-00a0c906bed8} port 10
51:40:24.409957 USBPROXY usbLibGetDevices: Found 3 USB devices, 0 captured
51:40:52.716215 dns-monitor HostDnsMonitor: updating information
51:40:52.716321 dns-monitor HostDnsMonitor: old information
51:40:52.716332 dns-monitor   server 1: 192.168.130.204
51:40:52.716341 dns-monitor   no domain set
51:40:52.716348 dns-monitor   no search string entries
51:40:52.716355 dns-monitor HostDnsMonitor: new information
51:40:52.716362 dns-monitor   server 1: 192.168.161.27
51:40:52.716369 dns-monitor   no domain set
51:40:52.716376 dns-monitor   no search string entries
51:40:52.717021          HostDnsMonitorProxy::GetDomainName: no domain set
51:40:52.717130          HostDnsMonitorProxy::GetNameServers:
51:40:52.717147            name server 1: 192.168.161.27
51:40:52.717263          HostDnsMonitorProxy::GetSearchStrings:
51:40:52.717278            no search string entries
51:41:18.960580 USBPROXY usbLibGetDevices: Starting USB device enumeration
51:41:18.997545 USBPROXY Getting USB descriptor (id 0) failed (dwErr=31) on hub USB#ROOT_HUB30#4&cab091c&0&0#{f18a0e88-c30c-11d0-8815-00a0c906bed8} port 3
51:41:18.997718 USBPROXY Getting USB descriptor (id 0) failed (dwErr=31) on hub USB#ROOT_HUB30#4&cab091c&0&0#{f18a0e88-c30c-11d0-8815-00a0c906bed8} port 7
51:41:18.997820 USBPROXY Getting USB descriptor (id 0) failed (dwErr=31) on hub USB#ROOT_HUB30#4&cab091c&0&0#{f18a0e88-c30c-11d0-8815-00a0c906bed8} port 10
51:41:18.998078 USBPROXY usbLibGetDevices: Found 3 USB devices, 0 captured
51:43:28.957970 USBPROXY usbLibGetDevices: Starting USB device enumeration
51:43:29.002874 USBPROXY Getting USB descriptor (id 0) failed (dwErr=31) on hub USB#ROOT_HUB30#4&cab091c&0&0#{f18a0e88-c30c-11d0-8815-00a0c906bed8} port 3
51:43:29.003218 USBPROXY Getting USB descriptor (id 0) failed (dwErr=31) on hub USB#ROOT_HUB30#4&cab091c&0&0#{f18a0e88-c30c-11d0-8815-00a0c906bed8} port 7
51:43:29.003420 USBPROXY Getting USB descriptor (id 0) failed (dwErr=31) on hub USB#ROOT_HUB30#4&cab091c&0&0#{f18a0e88-c30c-11d0-8815-00a0c906bed8} port 10
51:43:29.003749 USBPROXY usbLibGetDevices: Found 3 USB devices, 0 captured
52:54:39.725950 USBPROXY usbLibGetDevices: Starting USB device enumeration
52:54:39.771683 USBPROXY Getting USB descriptor (id 0) failed (dwErr=31) on hub USB#ROOT_HUB30#4&cab091c&0&0#{f18a0e88-c30c-11d0-8815-00a0c906bed8} port 3
52:54:39.771962 USBPROXY Getting USB descriptor (id 0) failed (dwErr=31) on hub USB#ROOT_HUB30#4&cab091c&0&0#{f18a0e88-c30c-11d0-8815-00a0c906bed8} port 7
52:54:39.772265 USBPROXY Getting USB descriptor (id 0) failed (dwErr=31) on hub USB#ROOT_HUB30#4&cab091c&0&0#{f18a0e88-c30c-11d0-8815-00a0c906bed8} port 10
52:54:39.772647 USBPROXY usbLibGetDevices: Found 3 USB devices, 0 captured
52:55:16.030361          ERROR [COM]: aRC=E_FAIL (0x80004005) aIID={bea3ef5c-de2f-4b74-aa3a-15d6249371a0} aComponent={RecordingSettingsWrap} aText={Recording not started}, preserve=false aResultDetail=0
52:55:18.040733          ERROR [COM]: aRC=E_FAIL (0x80004005) aIID={bea3ef5c-de2f-4b74-aa3a-15d6249371a0} aComponent={RecordingSettingsWrap} aText={Recording not started}, preserve=false aResultDetail=0
52:55:25.750645          Saving settings file "D:\kali\kali-linux-2024.4-virtualbox-amd64\kali-linux-2024.4-virtualbox-amd64.vbox" with version "1.19-windows"
52:55:25.763246          Finished saving settings file "D:\kali\kali-linux-2024.4-virtualbox-amd64\kali-linux-2024.4-virtualbox-amd64.vbox"
52:55:25.786747          ERROR [COM]: aRC=E_FAIL (0x80004005) aIID={bea3ef5c-de2f-4b74-aa3a-15d6249371a0} aComponent={RecordingSettingsWrap} aText={Recording not started}, preserve=false aResultDetail=0
52:55:25.817793 SaveState Saving settings file "D:\kali\kali-linux-2024.4-virtualbox-amd64\kali-linux-2024.4-virtualbox-amd64.vbox" with version "1.19-windows"
52:55:25.823157 SaveState Finished saving settings file "D:\kali\kali-linux-2024.4-virtualbox-amd64\kali-linux-2024.4-virtualbox-amd64.vbox"
52:55:25.830065          ERROR [COM]: aRC=E_INVALIDARG (0x80070057) aIID={e36a5081-a82a-40bd-9e4e-42a44d6ce50f} aComponent={SessionMachine} aText={Properties with TRANSIENT or TRANSRESET flag cannot be set or modified if VM is not running}, preserve=false aResultDetail=0
52:55:32.302814 main     VirtualBox: object deletion starts
52:55:32.303270 main     ERROR [COM]: aRC=VBOX_E_OBJECT_IN_USE (0x80bb000c) aIID={7d510820-a678-4730-a862-818dcd3fbed0} aComponent={MediumWrap} aText={Medium 'D:\kali\kali-linux-2024.4-virtualbox-amd64\kali-linux-2024.4-virtualbox-amd64.vdi' cannot be closed because it is still attached to 1 virtual machines}, preserve=false aResultDetail=0
52:55:32.313696 main     HostDnsMonitor: shutting down ...
52:55:32.313807 main     HostDnsMonitor: shut down
52:55:32.326187 Watcher  ERROR [COM]: aRC=E_ACCESSDENIED (0x80070005) aIID={d644ad1e-c501-4fc7-9ab6-aa6d763bc540} aComponent={VirtualBoxWrap} aText={The object is not ready}, preserve=false aResultDetail=0
52:55:32.327090 main     VirtualBox: object deleted
